<?xml version="1.0" encoding="utf-8"?><testsuites name="pytest tests"><testsuite name="pytest" errors="0" failures="0" skipped="0" tests="16" time="26.817" timestamp="2026-02-11T23:01:56.863655+00:00" hostname="agent-env-2def9972-c895-4a68-8a30-c0f349d9df05"><testcase classname="backend.tests.test_trading_ai_v3.TestHealthAndStatus" name="test_api_root" time="0.103" /><testcase classname="backend.tests.test_trading_ai_v3.TestHealthAndStatus" name="test_health_check" time="0.040" /><testcase classname="backend.tests.test_trading_ai_v3.TestAutoExecuteStatus" name="test_get_auto_execute_status" time="0.040" /><testcase classname="backend.tests.test_trading_ai_v3.TestAutoExecuteStatus" name="test_update_auto_execute_config" time="0.154" /><testcase classname="backend.tests.test_trading_ai_v3.TestTwitterRSS" name="test_get_twitter_rss_status" time="0.074" /><testcase classname="backend.tests.test_trading_ai_v3.TestTwitterRSS" name="test_check_twitter_rss" time="19.909" /><testcase classname="backend.tests.test_trading_ai_v3.TestTelegramBot" name="test_telegram_bot_status" time="0.429" /><testcase classname="backend.tests.test_trading_ai_v3.TestAIAnalysis" name="test_ai_analyze_signal" time="4.090" /><testcase classname="backend.tests.test_trading_ai_v3.TestAIAnalysis" name="test_ai_analyze_tweet" time="1.535" /><testcase classname="backend.tests.test_trading_ai_v3.TestTradeExecution" name="test_execute_order" time="0.101" /><testcase classname="backend.tests.test_trading_ai_v3.TestTradeExecution" name="test_close_trade" time="0.046" /><testcase classname="backend.tests.test_trading_ai_v3.TestPositionsAndPortfolio" name="test_get_open_trades" time="0.033" /><testcase classname="backend.tests.test_trading_ai_v3.TestPositionsAndPortfolio" name="test_get_positions" time="0.034" /><testcase classname="backend.tests.test_trading_ai_v3.TestPositionsAndPortfolio" name="test_get_portfolio" time="0.036" /><testcase classname="backend.tests.test_trading_ai_v3.TestSignals" name="test_get_signals" time="0.034" /><testcase classname="backend.tests.test_trading_ai_v3.TestSignals" name="test_create_and_dismiss_signal" time="0.076" /></testsuite></testsuites>