<?xml version="1.0" encoding="utf-8"?><testsuites name="pytest tests"><testsuite name="pytest" errors="0" failures="0" skipped="0" tests="20" time="7.425" timestamp="2026-02-11T22:29:35.641224+00:00" hostname="agent-env-2def9972-c895-4a68-8a30-c0f349d9df05"><testcase classname="test_trading_ai.TestAutoExecute" name="test_auto_execute_status" time="0.087" /><testcase classname="test_trading_ai.TestAutoExecute" name="test_auto_execute_toggle_use_binance" time="0.077" /><testcase classname="test_trading_ai.TestAutoExecute" name="test_auto_execute_update_min_ai_score" time="0.088" /><testcase classname="test_trading_ai.TestAutoExecute" name="test_auto_execute_update_min_confidence" time="0.072" /><testcase classname="test_trading_ai.TestTelegramBot" name="test_telegram_bot_status" time="0.396" /><testcase classname="test_trading_ai.TestChannelMonitor" name="test_channel_monitor_status" time="0.040" /><testcase classname="test_trading_ai.TestSignalParser" name="test_parse_evening_trader_signal" time="0.045" /><testcase classname="test_trading_ai.TestSignalParser" name="test_parse_short_signal" time="0.036" /><testcase classname="test_trading_ai.TestAIAnalysis" name="test_ai_analyze_signal" time="3.473" /><testcase classname="test_trading_ai.TestAIAnalysis" name="test_ai_analyze_tweet" time="2.021" /><testcase classname="test_trading_ai.TestTradeExecution" name="test_execute_trade_from_signal" time="0.140" /><testcase classname="test_trading_ai.TestTradeExecution" name="test_get_open_trades" time="0.035" /><testcase classname="test_trading_ai.TestNotifications" name="test_send_test_notification" time="0.422" /><testcase classname="test_trading_ai.TestNotifications" name="test_subscribe_notification" time="0.037" /><testcase classname="test_trading_ai.TestPositionsAndPortfolio" name="test_get_positions" time="0.038" /><testcase classname="test_trading_ai.TestPositionsAndPortfolio" name="test_get_portfolio" time="0.040" /><testcase classname="test_trading_ai.TestHealthAndStatus" name="test_health_check" time="0.036" /><testcase classname="test_trading_ai.TestHealthAndStatus" name="test_root_status" time="0.037" /><testcase classname="test_trading_ai.TestInfluentialAccounts" name="test_get_influential_accounts" time="0.036" /><testcase classname="test_trading_ai.TestKnownChannels" name="test_get_known_channels" time="0.076" /></testsuite></testsuites>