<?xml version="1.0" encoding="utf-8"?><testsuites name="pytest tests"><testsuite name="pytest" errors="0" failures="0" skipped="0" tests="13" time="5.201" timestamp="2026-02-14T01:42:56.656940+00:00" hostname="agent-env-8162a4e5-4cbc-47aa-b0d3-dc7d98710bc8"><testcase classname="backend.tests.test_telegram_channels.TestHealthCheck" name="test_health_check_returns_healthy" time="0.239" /><testcase classname="backend.tests.test_telegram_channels.TestTelegramChannelManagement" name="test_list_channels_returns_list" time="0.066" /><testcase classname="backend.tests.test_telegram_channels.TestTelegramChannelManagement" name="test_add_channel_success" time="0.845" /><testcase classname="backend.tests.test_telegram_channels.TestTelegramChannelManagement" name="test_add_channel_duplicate_fails" time="1.600" /><testcase classname="backend.tests.test_telegram_channels.TestTelegramChannelManagement" name="test_add_channel_empty_username_fails" time="0.075" /><testcase classname="backend.tests.test_telegram_channels.TestTelegramChannelManagement" name="test_delete_channel_success" time="0.723" /><testcase classname="backend.tests.test_telegram_channels.TestTelegramChannelManagement" name="test_delete_nonexistent_channel_fails" time="0.069" /><testcase classname="backend.tests.test_telegram_channels.TestTelegramChannelManagement" name="test_toggle_channel_success" time="0.758" /><testcase classname="backend.tests.test_telegram_channels.TestTelegramChannelManagement" name="test_toggle_nonexistent_channel_fails" time="0.066" /><testcase classname="backend.tests.test_telegram_channels.TestAlpacaBroker" name="test_broker_config_returns_status" time="0.063" /><testcase classname="backend.tests.test_telegram_channels.TestAlpacaBroker" name="test_broker_balance_returns_account_info" time="0.190" /><testcase classname="backend.tests.test_telegram_channels.TestAlpacaBroker" name="test_broker_positions_returns_list" time="0.182" /><testcase classname="backend.tests.test_telegram_channels.TestTelegramChannelStatus" name="test_channel_status_returns_info" time="0.115" /></testsuite></testsuites>